build/outputs/logs/manifest-merger-debug-report.txt
-- Merging decision tree log ---
manifest
ADDED from src/main/AndroidManifest.xml:2:1-50:12
INJECTED from src/main/AndroidManifest.xml:2:1-50:12
INJECTED from src/main/AndroidManifest.xml:2:1-50:12
INJECTED from src/main/AndroidManifest.xml:2:1-50:12
MERGED from [com.android.databinding:adapters:3.2.1] AndroidManifest.xml:17:1-24:12
MERGED from [com.android.databinding:library:3.2.1] AndroidManifest.xml:17:1-24:12
MERGED from [com.android.support:design:28.0.0] AndroidManifest.xml:17:1-24:12
MERGED from [com.android.support:appcompat-v7:28.0.0] AndroidManifest.xml:17:1-22:12
MERGED from [com.android.support:support-v4:28.0.0] AndroidManifest.xml:17:1-22:12
MERGED from [com.android.support:cardview-v7:28.0.0] AndroidManifest.xml:17:1-22:12
MERGED from [com.android.support.constraint:constraint-layout:1.1.3] AndroidManifest.xml:2:1-11:12
MERGED from [android.arch.lifecycle:extensions:1.1.1] AndroidManifest.xml:17:1-30:12
MERGED from [com.android.support:animated-vector-drawable:28.0.0] AndroidManifest.xml:17:1-22:12
MERGED from [com.android.support:support-vector-drawable:28.0.0] AndroidManifest.xml:17:1-22:12
MERGED from [com.android.support:recyclerview-v7:28.0.0] AndroidManifest.xml:17:1-22:12
MERGED from [com.android.support:support-fragment:28.0.0] AndroidManifest.xml:17:1-22:12
MERGED from [com.android.support:support-core-ui:28.0.0] AndroidManifest.xml:17:1-22:12
MERGED from [com.android.support:transition:28.0.0] AndroidManifest.xml:17:1-22:12
MERGED from [com.android.support:support-media-compat:28.0.0] AndroidManifest.xml:17:1-22:12
MERGED from [com.android.support:viewpager:28.0.0] AndroidManifest.xml:17:1-22:12
MERGED from [com.android.support:coordinatorlayout:28.0.0] AndroidManifest.xml:17:1-22:12
MERGED from [com.android.support:drawerlayout:28.0.0] AndroidManifest.xml:17:1-22:12
MERGED from [com.android.support:slidingpanelayout:28.0.0] AndroidManifest.xml:17:1-22:12
MERGED from [com.android.support:customview:28.0.0] AndroidManifest.xml:17:1-22:12
MERGED from [com.android.support:swiperefreshlayout:28.0.0] AndroidManifest.xml:17:1-22:12
MERGED from [com.android.support:asynclayoutinflater:28.0.0] AndroidManifest.xml:17:1-22:12
MERGED from [com.android.support:support-core-utils:28.0.0] AndroidManifest.xml:17:1-22:12
MERGED from [com.android.support:loader:28.0.0] AndroidManifest.xml:17:1-22:12
MERGED from [com.android.support:support-compat:28.0.0] AndroidManifest.xml:17:1-24:12
MERGED from [android.arch.lifecycle:runtime:1.1.1] AndroidManifest.xml:17:1-22:12
MERGED from [:android_component:] AndroidManifest.xml:2:1-11:12
MERGED from [:core-1.1.0:] AndroidManifest.xml:17:1-44:12
MERGED from [:unity_android_bridge:] AndroidManifest.xml:2:1-12:12
MERGED from [:teratourandroidlib] AndroidManifest.xml:2:1-32:12
MERGED from [:everyplay] AndroidManifest.xml:2:1-60:12
MERGED from [com.android.support:versionedparcelable:28.0.0] AndroidManifest.xml:17:1-25:12
MERGED from [com.android.support:cursoradapter:28.0.0] AndroidManifest.xml:17:1-22:12
MERGED from [android.arch.lifecycle:livedata:1.1.1] AndroidManifest.xml:17:1-22:12
MERGED from [android.arch.lifecycle:livedata-core:1.1.1] AndroidManifest.xml:17:1-22:12
MERGED from [android.arch.core:runtime:1.1.1] AndroidManifest.xml:17:1-22:12
MERGED from [android.arch.lifecycle:viewmodel:1.1.1] AndroidManifest.xml:17:1-22:12
MERGED from [com.android.support:interpolator:28.0.0] AndroidManifest.xml:17:1-22:12
MERGED from [com.android.support:documentfile:28.0.0] AndroidManifest.xml:17:1-22:12
MERGED from [com.android.support:localbroadcastmanager:28.0.0] AndroidManifest.xml:17:1-22:12
MERGED from [com.android.support:print:28.0.0] AndroidManifest.xml:17:1-22:12
INJECTED from src/main/AndroidManifest.xml:2:1-50:12
INJECTED from src/main/AndroidManifest.xml:2:1-50:12
INJECTED from src/main/AndroidManifest.xml:2:1-50:12
	package
		ADDED from src/main/AndroidManifest.xml:4:5-33
		INJECTED from src/main/AndroidManifest.xml
		INJECTED from src/main/AndroidManifest.xml
	android:versionName
		INJECTED from src/main/AndroidManifest.xml
		ADDED from src/main/AndroidManifest.xml:2:1-50:12
		INJECTED from src/main/AndroidManifest.xml
	xmlns:tools
		ADDED from src/main/AndroidManifest.xml:3:5-51
	android:versionCode
		INJECTED from src/main/AndroidManifest.xml
		ADDED from src/main/AndroidManifest.xml:2:1-50:12
		INJECTED from src/main/AndroidManifest.xml
	xmlns:android
		ADDED from src/main/AndroidManifest.xml:2:11-69
	android:installLocation
		ADDED from src/main/AndroidManifest.xml:5:5-45
uses-sdk
ADDED from src/main/AndroidManifest.xml:6:3-15
INJECTED from src/main/AndroidManifest.xml:6:3-15
MERGED from [com.android.databinding:adapters:3.2.1] AndroidManifest.xml:22:5-44
MERGED from [com.android.databinding:adapters:3.2.1] AndroidManifest.xml:22:5-44
MERGED from [com.android.databinding:library:3.2.1] AndroidManifest.xml:22:5-44
MERGED from [com.android.databinding:library:3.2.1] AndroidManifest.xml:22:5-44
MERGED from [com.android.support:design:28.0.0] AndroidManifest.xml:20:5-44
MERGED from [com.android.support:design:28.0.0] AndroidManifest.xml:20:5-44
MERGED from [com.android.support:appcompat-v7:28.0.0] AndroidManifest.xml:20:5-44
MERGED from [com.android.support:appcompat-v7:28.0.0] AndroidManifest.xml:20:5-44
MERGED from [com.android.support:support-v4:28.0.0] AndroidManifest.xml:20:5-44
MERGED from [com.android.support:support-v4:28.0.0] AndroidManifest.xml:20:5-44
MERGED from [com.android.support:cardview-v7:28.0.0] AndroidManifest.xml:20:5-44
MERGED from [com.android.support:cardview-v7:28.0.0] AndroidManifest.xml:20:5-44
MERGED from [com.android.support.constraint:constraint-layout:1.1.3] AndroidManifest.xml:5:5-7:41
MERGED from [com.android.support.constraint:constraint-layout:1.1.3] AndroidManifest.xml:5:5-7:41
MERGED from [android.arch.lifecycle:extensions:1.1.1] AndroidManifest.xml:20:5-44
MERGED from [android.arch.lifecycle:extensions:1.1.1] AndroidManifest.xml:20:5-44
MERGED from [com.android.support:animated-vector-drawable:28.0.0] AndroidManifest.xml:20:5-44
MERGED from [com.android.support:animated-vector-drawable:28.0.0] AndroidManifest.xml:20:5-44
MERGED from [com.android.support:support-vector-drawable:28.0.0] AndroidManifest.xml:20:5-44
MERGED from [com.android.support:support-vector-drawable:28.0.0] AndroidManifest.xml:20:5-44
MERGED from [com.android.support:recyclerview-v7:28.0.0] AndroidManifest.xml:20:5-44
MERGED from [com.android.support:recyclerview-v7:28.0.0] AndroidManifest.xml:20:5-44
MERGED from [com.android.support:support-fragment:28.0.0] AndroidManifest.xml:20:5-44
MERGED from [com.android.support:support-fragment:28.0.0] AndroidManifest.xml:20:5-44
MERGED from [com.android.support:support-core-ui:28.0.0] AndroidManifest.xml:20:5-44
MERGED from [com.android.support:support-core-ui:28.0.0] AndroidManifest.xml:20:5-44
MERGED from [com.android.support:transition:28.0.0] AndroidManifest.xml:20:5-44
MERGED from [com.android.support:transition:28.0.0] AndroidManifest.xml:20:5-44
MERGED from [com.android.support:support-media-compat:28.0.0] AndroidManifest.xml:20:5-44
MERGED from [com.android.support:support-media-compat:28.0.0] AndroidManifest.xml:20:5-44
MERGED from [com.android.support:viewpager:28.0.0] AndroidManifest.xml:20:5-44
MERGED from [com.android.support:viewpager:28.0.0] AndroidManifest.xml:20:5-44
MERGED from [com.android.support:coordinatorlayout:28.0.0] AndroidManifest.xml:20:5-44
MERGED from [com.android.support:coordinatorlayout:28.0.0] AndroidManifest.xml:20:5-44
MERGED from [com.android.support:drawerlayout:28.0.0] AndroidManifest.xml:20:5-44
MERGED from [com.android.support:drawerlayout:28.0.0] AndroidManifest.xml:20:5-44
MERGED from [com.android.support:slidingpanelayout:28.0.0] AndroidManifest.xml:20:5-44
MERGED from [com.android.support:slidingpanelayout:28.0.0] AndroidManifest.xml:20:5-44
MERGED from [com.android.support:customview:28.0.0] AndroidManifest.xml:20:5-44
MERGED from [com.android.support:customview:28.0.0] AndroidManifest.xml:20:5-44
MERGED from [com.android.support:swiperefreshlayout:28.0.0] AndroidManifest.xml:20:5-44
MERGED from [com.android.support:swiperefreshlayout:28.0.0] AndroidManifest.xml:20:5-44
MERGED from [com.android.support:asynclayoutinflater:28.0.0] AndroidManifest.xml:20:5-44
MERGED from [com.android.support:asynclayoutinflater:28.0.0] AndroidManifest.xml:20:5-44
MERGED from [com.android.support:support-core-utils:28.0.0] AndroidManifest.xml:20:5-44
MERGED from [com.android.support:support-core-utils:28.0.0] AndroidManifest.xml:20:5-44
MERGED from [com.android.support:loader:28.0.0] AndroidManifest.xml:20:5-44
MERGED from [com.android.support:loader:28.0.0] AndroidManifest.xml:20:5-44
MERGED from [com.android.support:support-compat:28.0.0] AndroidManifest.xml:20:5-44
MERGED from [com.android.support:support-compat:28.0.0] AndroidManifest.xml:20:5-44
MERGED from [android.arch.lifecycle:runtime:1.1.1] AndroidManifest.xml:20:5-44
MERGED from [android.arch.lifecycle:runtime:1.1.1] AndroidManifest.xml:20:5-44
MERGED from [:android_component:] AndroidManifest.xml:7:5-9:41
MERGED from [:android_component:] AndroidManifest.xml:7:5-9:41
MERGED from [:core-1.1.0:] AndroidManifest.xml:25:5-44
MERGED from [:core-1.1.0:] AndroidManifest.xml:25:5-44
MERGED from [:core-1.1.0:] AndroidManifest.xml:26:5-47
MERGED from [:core-1.1.0:] AndroidManifest.xml:26:5-47
MERGED from [:unity_android_bridge:] AndroidManifest.xml:8:5-10:41
MERGED from [:unity_android_bridge:] AndroidManifest.xml:8:5-10:41
MERGED from [:teratourandroidlib] AndroidManifest.xml:8:5-10:41
MERGED from [:teratourandroidlib] AndroidManifest.xml:8:5-10:41
MERGED from [:everyplay] AndroidManifest.xml:9:5-44
MERGED from [:everyplay] AndroidManifest.xml:9:5-44
MERGED from [com.android.support:versionedparcelable:28.0.0] AndroidManifest.xml:20:5-44
MERGED from [com.android.support:versionedparcelable:28.0.0] AndroidManifest.xml:20:5-44
MERGED from [com.android.support:cursoradapter:28.0.0] AndroidManifest.xml:20:5-44
MERGED from [com.android.support:cursoradapter:28.0.0] AndroidManifest.xml:20:5-44
MERGED from [android.arch.lifecycle:livedata:1.1.1] AndroidManifest.xml:20:5-44
MERGED from [android.arch.lifecycle:livedata:1.1.1] AndroidManifest.xml:20:5-44
MERGED from [android.arch.lifecycle:livedata-core:1.1.1] AndroidManifest.xml:20:5-44
MERGED from [android.arch.lifecycle:livedata-core:1.1.1] AndroidManifest.xml:20:5-44
MERGED from [android.arch.core:runtime:1.1.1] AndroidManifest.xml:20:5-44
MERGED from [android.arch.core:runtime:1.1.1] AndroidManifest.xml:20:5-44
MERGED from [android.arch.lifecycle:viewmodel:1.1.1] AndroidManifest.xml:20:5-44
MERGED from [android.arch.lifecycle:viewmodel:1.1.1] AndroidManifest.xml:20:5-44
MERGED from [com.android.support:interpolator:28.0.0] AndroidManifest.xml:20:5-44
MERGED from [com.android.support:interpolator:28.0.0] AndroidManifest.xml:20:5-44
MERGED from [com.android.support:documentfile:28.0.0] AndroidManifest.xml:20:5-44
MERGED from [com.android.support:documentfile:28.0.0] AndroidManifest.xml:20:5-44
MERGED from [com.android.support:localbroadcastmanager:28.0.0] AndroidManifest.xml:20:5-44
MERGED from [com.android.support:localbroadcastmanager:28.0.0] AndroidManifest.xml:20:5-44
MERGED from [com.android.support:print:28.0.0] AndroidManifest.xml:20:5-44
MERGED from [com.android.support:print:28.0.0] AndroidManifest.xml:20:5-44
INJECTED from src/main/AndroidManifest.xml:6:3-15
	android:targetSdkVersion
		ADDED from [com.android.support.constraint:constraint-layout:1.1.3] AndroidManifest.xml:7:9-38
	android:minSdkVersion
		INJECTED from src/main/AndroidManifest.xml
		ADDED from src/main/AndroidManifest.xml:6:3-15
		MERGED from src/main/AndroidManifest.xml:6:3-15
		INJECTED from src/main/AndroidManifest.xml
uses-permission#android.permission.CAMERA
ADDED from src/main/AndroidManifest.xml:7:3-63
	android:name
		ADDED from src/main/AndroidManifest.xml:7:20-60
uses-permission#android.permission.WRITE_EXTERNAL_STORAGE
ADDED from src/main/AndroidManifest.xml:8:3-79
MERGED from [:teratourandroidlib] AndroidManifest.xml:12:5-81
MERGED from [:teratourandroidlib] AndroidManifest.xml:12:5-81
MERGED from [:everyplay] AndroidManifest.xml:22:5-81
MERGED from [:everyplay] AndroidManifest.xml:22:5-81
	android:name
		ADDED from src/main/AndroidManifest.xml:8:20-76
uses-permission#android.permission.INTERNET
ADDED from src/main/AndroidManifest.xml:9:3-65
MERGED from [:everyplay] AndroidManifest.xml:20:5-67
MERGED from [:everyplay] AndroidManifest.xml:20:5-67
	android:name
		ADDED from src/main/AndroidManifest.xml:9:20-62
uses-permission#android.permission.ACCESS_NETWORK_STATE
ADDED from src/main/AndroidManifest.xml:10:3-77
MERGED from [:everyplay] AndroidManifest.xml:18:5-79
MERGED from [:everyplay] AndroidManifest.xml:18:5-79
	android:name
		ADDED from src/main/AndroidManifest.xml:10:20-74
uses-feature#0x00020000
ADDED from src/main/AndroidManifest.xml:12:3-76
	android:glEsVersion
		ADDED from src/main/AndroidManifest.xml:12:17-49
	android:required
		ADDED from src/main/AndroidManifest.xml:12:50-73
uses-feature#android.hardware.camera
ADDED from src/main/AndroidManifest.xml:14:3-82
	android:required
		ADDED from src/main/AndroidManifest.xml:14:56-79
	android:name
		ADDED from src/main/AndroidManifest.xml:14:17-55
supports-screens
ADDED from src/main/AndroidManifest.xml:16:3-21:38
MERGED from [:everyplay] AndroidManifest.xml:11:5-16:40
MERGED from [:everyplay] AndroidManifest.xml:11:5-16:40
	android:largeScreens
		ADDED from src/main/AndroidManifest.xml:17:7-34
	android:smallScreens
		ADDED from src/main/AndroidManifest.xml:19:7-35
		REJECTED from [:everyplay] AndroidManifest.xml:15:9-36
	android:normalScreens
		ADDED from src/main/AndroidManifest.xml:18:7-35
	android:xlargeScreens
		ADDED from src/main/AndroidManifest.xml:21:7-35
	android:anyDensity
		ADDED from src/main/AndroidManifest.xml:16:21-46
	tools:replace
		ADDED from src/main/AndroidManifest.xml:20:7-43
application
ADDED from src/main/AndroidManifest.xml:23:3-43:17
MERGED from [com.android.support:design:28.0.0] AndroidManifest.xml:22:5-20
MERGED from [com.android.support:design:28.0.0] AndroidManifest.xml:22:5-20
MERGED from [com.android.support.constraint:constraint-layout:1.1.3] AndroidManifest.xml:9:5-20
MERGED from [com.android.support.constraint:constraint-layout:1.1.3] AndroidManifest.xml:9:5-20
MERGED from [android.arch.lifecycle:extensions:1.1.1] AndroidManifest.xml:22:5-28:19
MERGED from [android.arch.lifecycle:extensions:1.1.1] AndroidManifest.xml:22:5-28:19
MERGED from [com.android.support:support-compat:28.0.0] AndroidManifest.xml:22:5-94
MERGED from [com.android.support:support-compat:28.0.0] AndroidManifest.xml:22:5-94
MERGED from [:core-1.1.0:] AndroidManifest.xml:28:5-42:19
MERGED from [:core-1.1.0:] AndroidManifest.xml:28:5-42:19
MERGED from [:teratourandroidlib] AndroidManifest.xml:24:5-30:19
MERGED from [:teratourandroidlib] AndroidManifest.xml:24:5-30:19
MERGED from [:everyplay] AndroidManifest.xml:36:5-58:19
MERGED from [:everyplay] AndroidManifest.xml:36:5-58:19
MERGED from [com.android.support:versionedparcelable:28.0.0] AndroidManifest.xml:22:5-23:19
MERGED from [com.android.support:versionedparcelable:28.0.0] AndroidManifest.xml:22:5-23:19
	android:appComponentFactory
		ADDED from [com.android.support:support-compat:28.0.0] AndroidManifest.xml:22:18-91
	android:label
		ADDED from src/main/AndroidManifest.xml:23:16-48
	android:icon
		ADDED from src/main/AndroidManifest.xml:26:7-38
	android:banner
		ADDED from src/main/AndroidManifest.xml:25:7-44
	android:theme
		ADDED from src/main/AndroidManifest.xml:27:7-48
	android:isGame
		ADDED from src/main/AndroidManifest.xml:24:7-28
activity#com.itera.teratour.View.UnityPlayerActivity
ADDED from src/main/AndroidManifest.xml:29:5-37:16
	android:configChanges
		ADDED from src/main/AndroidManifest.xml:30:9-166
	android:theme
		ADDED from src/main/AndroidManifest.xml:31:9-65
	android:name
		ADDED from src/main/AndroidManifest.xml:29:15-55
intent-filter#action:name:android.intent.action.MAIN+action:name:android.intent.action.VIEW+category:name:android.intent.category.LAUNCHER
ADDED from src/main/AndroidManifest.xml:32:7-36:23
action#android.intent.action.VIEW
ADDED from src/main/AndroidManifest.xml:33:9-60
	android:name
		ADDED from src/main/AndroidManifest.xml:33:17-58
action#android.intent.action.MAIN
ADDED from src/main/AndroidManifest.xml:34:9-61
	android:name
		ADDED from src/main/AndroidManifest.xml:34:17-58
category#android.intent.category.LAUNCHER
ADDED from src/main/AndroidManifest.xml:35:9-69
	android:name
		ADDED from src/main/AndroidManifest.xml:35:19-66
meta-data#com.google.ar.core
ADDED from src/main/AndroidManifest.xml:39:5-77
	android:value
		ADDED from src/main/AndroidManifest.xml:39:50-74
	android:name
		ADDED from src/main/AndroidManifest.xml:39:16-49
meta-data#unity.build-id
ADDED from src/main/AndroidManifest.xml:40:5-101
	android:value
		ADDED from src/main/AndroidManifest.xml:40:46-98
	android:name
		ADDED from src/main/AndroidManifest.xml:40:16-45
meta-data#unity.splash-mode
ADDED from src/main/AndroidManifest.xml:41:5-69
	android:value
		ADDED from src/main/AndroidManifest.xml:41:49-66
	android:name
		ADDED from src/main/AndroidManifest.xml:41:16-48
meta-data#unity.splash-enable
ADDED from src/main/AndroidManifest.xml:42:5-74
	android:value
		ADDED from src/main/AndroidManifest.xml:42:51-71
	android:name
		ADDED from src/main/AndroidManifest.xml:42:16-50
uses-feature#android.hardware.camera.autofocus
ADDED from src/main/AndroidManifest.xml:45:3-93
	android:required
		ADDED from src/main/AndroidManifest.xml:45:66-90
	android:name
		ADDED from src/main/AndroidManifest.xml:45:17-65
uses-feature#android.hardware.camera.front
ADDED from src/main/AndroidManifest.xml:46:3-89
	android:required
		ADDED from src/main/AndroidManifest.xml:46:62-86
	android:name
		ADDED from src/main/AndroidManifest.xml:46:17-61
uses-feature#android.hardware.touchscreen
ADDED from src/main/AndroidManifest.xml:47:3-88
MERGED from [:teratourandroidlib] AndroidManifest.xml:14:5-16:35
MERGED from [:teratourandroidlib] AndroidManifest.xml:14:5-16:35
MERGED from [:everyplay] AndroidManifest.xml:24:5-26:36
MERGED from [:everyplay] AndroidManifest.xml:24:5-26:36
	android:required
		ADDED from src/main/AndroidManifest.xml:47:61-85
	android:name
		ADDED from src/main/AndroidManifest.xml:47:17-60
uses-feature#android.hardware.touchscreen.multitouch
ADDED from src/main/AndroidManifest.xml:48:3-99
MERGED from [:teratourandroidlib] AndroidManifest.xml:17:5-19:35
MERGED from [:teratourandroidlib] AndroidManifest.xml:17:5-19:35
MERGED from [:everyplay] AndroidManifest.xml:27:5-29:36
MERGED from [:everyplay] AndroidManifest.xml:27:5-29:36
	android:required
		ADDED from src/main/AndroidManifest.xml:48:72-96
	android:name
		ADDED from src/main/AndroidManifest.xml:48:17-71
uses-feature#android.hardware.touchscreen.multitouch.distinct
ADDED from src/main/AndroidManifest.xml:49:3-108
MERGED from [:teratourandroidlib] AndroidManifest.xml:20:5-22:35
MERGED from [:teratourandroidlib] AndroidManifest.xml:20:5-22:35
MERGED from [:everyplay] AndroidManifest.xml:30:5-32:36
MERGED from [:everyplay] AndroidManifest.xml:30:5-32:36
	android:required
		ADDED from src/main/AndroidManifest.xml:49:81-105
	android:name
		ADDED from src/main/AndroidManifest.xml:49:17-80
provider#android.arch.lifecycle.ProcessLifecycleOwnerInitializer
ADDED from [android.arch.lifecycle:extensions:1.1.1] AndroidManifest.xml:23:9-27:43
	android:authorities
		ADDED from [android.arch.lifecycle:extensions:1.1.1] AndroidManifest.xml:25:13-68
	android:multiprocess
		ADDED from [android.arch.lifecycle:extensions:1.1.1] AndroidManifest.xml:27:13-40
	android:exported
		ADDED from [android.arch.lifecycle:extensions:1.1.1] AndroidManifest.xml:26:13-37
	android:name
		ADDED from [android.arch.lifecycle:extensions:1.1.1] AndroidManifest.xml:24:13-83
activity#com.google.ar.core.InstallActivity
ADDED from [:core-1.1.0:] AndroidManifest.xml:31:9-37:80
	android:excludeFromRecents
		ADDED from [:core-1.1.0:] AndroidManifest.xml:34:13-46
	android:launchMode
		ADDED from [:core-1.1.0:] AndroidManifest.xml:36:13-43
	android:exported
		ADDED from [:core-1.1.0:] AndroidManifest.xml:35:13-37
	android:configChanges
		ADDED from [:core-1.1.0:] AndroidManifest.xml:33:13-74
	android:theme
		ADDED from [:core-1.1.0:] AndroidManifest.xml:37:13-77
	android:name
		ADDED from [:core-1.1.0:] AndroidManifest.xml:32:13-62
meta-data#com.google.ar.core.min_apk_version
ADDED from [:core-1.1.0:] AndroidManifest.xml:39:9-41:41
	android:value
		ADDED from [:core-1.1.0:] AndroidManifest.xml:41:13-38
	android:name
		ADDED from [:core-1.1.0:] AndroidManifest.xml:40:13-62
activity#com.teratour.plugin.teratourandroidlib.VideoPlayerActivity
ADDED from [:teratourandroidlib] AndroidManifest.xml:25:9-29:20
	android:name
		ADDED from [:teratourandroidlib] AndroidManifest.xml:25:19-92
uses-permission#android.permission.ACCESS_WIFI_STATE
ADDED from [:everyplay] AndroidManifest.xml:19:5-76
	android:name
		ADDED from [:everyplay] AndroidManifest.xml:19:22-73
uses-permission#android.permission.READ_EXTERNAL_STORAGE
ADDED from [:everyplay] AndroidManifest.xml:21:5-80
	android:name
		ADDED from [:everyplay] AndroidManifest.xml:21:22-77
uses-permission#android.permission.WAKE_LOCK
ADDED from [:everyplay] AndroidManifest.xml:34:5-68
	android:name
		ADDED from [:everyplay] AndroidManifest.xml:34:22-65
activity#com.everyplay.Everyplay.view.EveryplayTextInputActivity
ADDED from [:everyplay] AndroidManifest.xml:37:9-43:71
	android:screenOrientation
		ADDED from [:everyplay] AndroidManifest.xml:41:13-47
	android:hardwareAccelerated
		ADDED from [:everyplay] AndroidManifest.xml:40:13-48
	android:windowSoftInputMode
		ADDED from [:everyplay] AndroidManifest.xml:43:13-68
	android:configChanges
		ADDED from [:everyplay] AndroidManifest.xml:39:13-115
	android:theme
		ADDED from [:everyplay] AndroidManifest.xml:42:13-60
	android:name
		ADDED from [:everyplay] AndroidManifest.xml:38:13-83
activity#com.everyplay.Everyplay.view.videoplayer.EveryplayVideoPlayerActivity
ADDED from [:everyplay] AndroidManifest.xml:44:9-50:58
	android:screenOrientation
		ADDED from [:everyplay] AndroidManifest.xml:48:13-47
	android:hardwareAccelerated
		ADDED from [:everyplay] AndroidManifest.xml:47:13-47
	android:windowSoftInputMode
		ADDED from [:everyplay] AndroidManifest.xml:50:13-55
	android:configChanges
		ADDED from [:everyplay] AndroidManifest.xml:46:13-106
	android:theme
		ADDED from [:everyplay] AndroidManifest.xml:49:13-71
	android:name
		ADDED from [:everyplay] AndroidManifest.xml:45:13-97
activity#com.everyplay.Everyplay.view.videoplayer.EveryplayVideoEditorActivity
ADDED from [:everyplay] AndroidManifest.xml:51:9-57:58
	android:screenOrientation
		ADDED from [:everyplay] AndroidManifest.xml:55:13-47
	android:hardwareAccelerated
		ADDED from [:everyplay] AndroidManifest.xml:54:13-47
	android:windowSoftInputMode
		ADDED from [:everyplay] AndroidManifest.xml:57:13-55
	android:configChanges
		ADDED from [:everyplay] AndroidManifest.xml:53:13-106
	android:theme
		ADDED from [:everyplay] AndroidManifest.xml:56:13-71
	android:name
		ADDED from [:everyplay] AndroidManifest.xml:52:13-97